Using pre-set license
Built from '2020.2/release' branch; Version is '2020.2.1f1 (270dd8c3da1c) revision 2559448'; Using compiler version '192528614'; Build Type 'Release'
OS: 'Windows 10  (10.0.0) 64bit' Language: 'fr' Physical Memory: 16282 MB
BatchMode: 1, IsHumanControllingUs: 0, StartBugReporterOnCrash: 0, Is64bit: 1, IsPro: 0

 COMMAND LINE ARGUMENTS:
C:\Program Files\Unity\Hub\Editor\2020.2.1f1\Editor\Unity.exe
-adb2
-batchMode
-noUpm
-name
AssetImportWorker0
-projectPath
C:/Users/mathi/OneDrive/Bureau/M1/Progra 3D/Tp2
-logFile
Logs/AssetImportWorker0.log
-srvPort
63549
Successfully changed project path to: C:/Users/mathi/OneDrive/Bureau/M1/Progra 3D/Tp2
C:/Users/mathi/OneDrive/Bureau/M1/Progra 3D/Tp2
Using Asset Import Pipeline V2.
Refreshing native plugins compatible for Editor in 29.77 ms, found 0 plugins.
Preloading 0 native plugins for Editor in 0.00 ms.
Initialize engine version: 2020.2.1f1 (270dd8c3da1c)
[Subsystems] Discovering subsystems at path C:/Program Files/Unity/Hub/Editor/2020.2.1f1/Editor/Data/Resources/UnitySubsystems
[Subsystems] Discovering subsystems at path C:/Users/mathi/OneDrive/Bureau/M1/Progra 3D/Tp2/Assets
GfxDevice: creating device client; threaded=0
Direct3D:
    Version:  Direct3D 11.0 [level 11.0]
    Renderer: NVIDIA GeForce GTX 960M (ID=0x139b)
    Vendor:   
    VRAM:     4055 MB
    Driver:   26.21.14.4587
Initialize mono
Mono path[0] = 'C:/Program Files/Unity/Hub/Editor/2020.2.1f1/Editor/Data/Managed'
Mono path[1] = 'C:/Program Files/Unity/Hub/Editor/2020.2.1f1/Editor/Data/MonoBleedingEdge/lib/mono/unityjit'
Mono config path = 'C:/Program Files/Unity/Hub/Editor/2020.2.1f1/Editor/Data/MonoBleedingEdge/etc'
Using monoOptions --debugger-agent=transport=dt_socket,embedding=1,server=y,suspend=n,address=127.0.0.1:56256
Begin MonoManager ReloadAssembly
Registering precompiled unity dll's ...
Register platform support module: C:/Program Files/Unity/Hub/Editor/2020.2.1f1/Editor/Data/PlaybackEngines/WindowsStandaloneSupport/UnityEditor.WindowsStandalone.Extensions.dll
Registered in 0.002236 seconds.
Native extension for WindowsStandalone target not found
Refreshing native plugins compatible for Editor in 34.41 ms, found 0 plugins.
Preloading 0 native plugins for Editor in 0.00 ms.
Invoked RoslynAnalysisRunner static constructor.
RoslynAnalysisRunner will not be running.
RoslynAnalysisRunner has terminated.
Mono: successfully reloaded assembly
- Completed reload, in  1.520 seconds
Platform modules already initialized, skipping
Registering precompiled user dll's ...
Registered in 0.001006 seconds.
Begin MonoManager ReloadAssembly
Native extension for WindowsStandalone target not found
Refreshing native plugins compatible for Editor in 0.22 ms, found 0 plugins.
Preloading 0 native plugins for Editor in 0.00 ms.
Invoked RoslynAnalysisRunner static constructor.
RoslynAnalysisRunner will not be running.
RoslynAnalysisRunner has terminated.
Mono: successfully reloaded assembly
- Completed reload, in  1.456 seconds
Platform modules already initialized, skipping
========================================================================
Worker process is ready to serve import requests
Launched and connected shader compiler UnityShaderCompiler.exe after 0.09 seconds
Refreshing native plugins compatible for Editor in 0.38 ms, found 0 plugins.
Preloading 0 native plugins for Editor in 0.00 ms.
Unloading 1074 Unused Serialized files (Serialized files now loaded: 0)
System memory in use before: 56.3 MB.
System memory in use after: 56.3 MB.

Unloading 9 unused Assets to reduce memory usage. Loaded Objects now: 1521.
Total: 3.043400 ms (FindLiveObjects: 0.270100 ms CreateObjectMapping: 0.108600 ms MarkObjects: 2.592500 ms  DeleteObjects: 0.068400 ms)

========================================================================
Received Import Request.
  path: Assets/Resources
  artifactKey: Guid(0e8c2cb42875fca4c8386279fb65a691) Importer(815301076,1909f56bfc062723c751e8b465ee728b)
Start importing Assets/Resources using Guid(0e8c2cb42875fca4c8386279fb65a691) Importer(815301076,1909f56bfc062723c751e8b465ee728b)  -> (artifact id: '17f0d9f5dca93367fd8bbc7f9c5930a7') in 0.016776 seconds
  Import took 0.019559 seconds .

========================================================================
Received Import Request.
  Time since last request: 18.213372 seconds.
  path: Assets/Resources/Ennemy.prefab
  artifactKey: Guid(b2ca358cbce4d944f93ecc6ba0d4894e) Importer(815301076,1909f56bfc062723c751e8b465ee728b)
Start importing Assets/Resources/Ennemy.prefab using Guid(b2ca358cbce4d944f93ecc6ba0d4894e) Importer(815301076,1909f56bfc062723c751e8b465ee728b)  -> (artifact id: '2d6e1f026d0e8a208dcf8cedc8c9f44b') in 0.208669 seconds
  Import took 0.211953 seconds .

========================================================================
Received Import Request.
  Time since last request: 41.088777 seconds.
  path: Assets/Resources/New Material.mat
  artifactKey: Guid(51a7755b6abf80741aa85856971b750b) Importer(815301076,1909f56bfc062723c751e8b465ee728b)
Start importing Assets/Resources/New Material.mat using Guid(51a7755b6abf80741aa85856971b750b) Importer(815301076,1909f56bfc062723c751e8b465ee728b)  -> (artifact id: 'c2a47261ad9ee8dfe105ffd48733f728') in 0.065614 seconds
  Import took 0.068057 seconds .

========================================================================
Received Import Request.
  Time since last request: 302.839549 seconds.
  path: Assets/Resources/Left Wall.prefab
  artifactKey: Guid(2072b91ae740da841a3e4167c1dac972) Importer(815301076,1909f56bfc062723c751e8b465ee728b)
Start importing Assets/Resources/Left Wall.prefab using Guid(2072b91ae740da841a3e4167c1dac972) Importer(815301076,1909f56bfc062723c751e8b465ee728b)  -> (artifact id: '4a606f0e0da6602019d4393c3a3dc932') in 0.033221 seconds
  Import took 0.038257 seconds .

========================================================================
Received Import Request.
  Time since last request: 16.524419 seconds.
  path: Assets/Resources/Bullet.prefab
  artifactKey: Guid(94b904e9952076a488cb76c9d6065c36) Importer(815301076,1909f56bfc062723c751e8b465ee728b)
Start importing Assets/Resources/Bullet.prefab using Guid(94b904e9952076a488cb76c9d6065c36) Importer(815301076,1909f56bfc062723c751e8b465ee728b)  -> (artifact id: 'a5f39fc2976fadf8daf55b5ebfd3599b') in 0.040346 seconds
  Import took 0.044374 seconds .

========================================================================
Received Prepare
Registering precompiled user dll's ...
Registered in 0.001218 seconds.
Begin MonoManager ReloadAssembly
Native extension for WindowsStandalone target not found
Refreshing native plugins compatible for Editor in 0.47 ms, found 0 plugins.
Preloading 0 native plugins for Editor in 0.00 ms.
Invoked RoslynAnalysisRunner static constructor.
RoslynAnalysisRunner will not be running.
RoslynAnalysisRunner has terminated.
Mono: successfully reloaded assembly
- Completed reload, in  1.606 seconds
Platform modules already initialized, skipping
Refreshing native plugins compatible for Editor in 0.24 ms, found 0 plugins.
Preloading 0 native plugins for Editor in 0.00 ms.
Unloading 1069 Unused Serialized files (Serialized files now loaded: 0)
System memory in use before: 59.9 MB.
System memory in use after: 59.9 MB.

Unloading 5 unused Assets to reduce memory usage. Loaded Objects now: 1567.
Total: 2.049100 ms (FindLiveObjects: 0.205300 ms CreateObjectMapping: 0.044500 ms MarkObjects: 1.766200 ms  DeleteObjects: 0.031500 ms)

========================================================================
Received Prepare
Registering precompiled user dll's ...
Registered in 0.001444 seconds.
Begin MonoManager ReloadAssembly
Native extension for WindowsStandalone target not found
Refreshing native plugins compatible for Editor in 0.23 ms, found 0 plugins.
Preloading 0 native plugins for Editor in 0.00 ms.
Invoked RoslynAnalysisRunner static constructor.
RoslynAnalysisRunner will not be running.
RoslynAnalysisRunner has terminated.
Mono: successfully reloaded assembly
- Completed reload, in  1.280 seconds
Platform modules already initialized, skipping
Refreshing native plugins compatible for Editor in 0.24 ms, found 0 plugins.
Preloading 0 native plugins for Editor in 0.00 ms.
Unloading 1069 Unused Serialized files (Serialized files now loaded: 0)
System memory in use before: 60.1 MB.
System memory in use after: 60.2 MB.

Unloading 4 unused Assets to reduce memory usage. Loaded Objects now: 1569.
Total: 2.022200 ms (FindLiveObjects: 0.138200 ms CreateObjectMapping: 0.041400 ms MarkObjects: 1.823000 ms  DeleteObjects: 0.018700 ms)

========================================================================
Received Prepare
Registering precompiled user dll's ...
Registered in 0.001080 seconds.
Begin MonoManager ReloadAssembly
Native extension for WindowsStandalone target not found
Refreshing native plugins compatible for Editor in 0.42 ms, found 0 plugins.
Preloading 0 native plugins for Editor in 0.00 ms.
Invoked RoslynAnalysisRunner static constructor.
RoslynAnalysisRunner will not be running.
RoslynAnalysisRunner has terminated.
Mono: successfully reloaded assembly
- Completed reload, in  1.135 seconds
Platform modules already initialized, skipping
Refreshing native plugins compatible for Editor in 0.22 ms, found 0 plugins.
Preloading 0 native plugins for Editor in 0.00 ms.
Unloading 1070 Unused Serialized files (Serialized files now loaded: 0)
System memory in use before: 60.3 MB.
System memory in use after: 60.4 MB.

Unloading 4 unused Assets to reduce memory usage. Loaded Objects now: 1572.
Total: 2.309600 ms (FindLiveObjects: 0.134400 ms CreateObjectMapping: 0.059900 ms MarkObjects: 2.067900 ms  DeleteObjects: 0.045500 ms)

========================================================================
Received Import Request.
  Time since last request: 204.253320 seconds.
  path: Assets/BulletController.cs
  artifactKey: Guid(1d9326b02481c7b41bc0d92d1f10b793) Importer(815301076,1909f56bfc062723c751e8b465ee728b)
Start importing Assets/BulletController.cs using Guid(1d9326b02481c7b41bc0d92d1f10b793) Importer(815301076,1909f56bfc062723c751e8b465ee728b)  -> (artifact id: '6704da847e47f903935ee60f08500bb7') in 0.031954 seconds
  Import took 0.035224 seconds .

========================================================================
Received Import Request.
  Time since last request: 4.056274 seconds.
  path: Assets/Cube.controller
  artifactKey: Guid(82b2d4de37ab3054d9b7df12a7523269) Importer(815301076,1909f56bfc062723c751e8b465ee728b)
Start importing Assets/Cube.controller using Guid(82b2d4de37ab3054d9b7df12a7523269) Importer(815301076,1909f56bfc062723c751e8b465ee728b)  -> (artifact id: 'a116e9309578ddbdf866335335059ecc') in 0.027897 seconds
  Import took 0.030669 seconds .

========================================================================
Received Prepare
Registering precompiled user dll's ...
Registered in 0.000980 seconds.
Begin MonoManager ReloadAssembly
Native extension for WindowsStandalone target not found
Refreshing native plugins compatible for Editor in 0.22 ms, found 0 plugins.
Preloading 0 native plugins for Editor in 0.00 ms.
Invoked RoslynAnalysisRunner static constructor.
RoslynAnalysisRunner will not be running.
RoslynAnalysisRunner has terminated.
Mono: successfully reloaded assembly
- Completed reload, in  1.140 seconds
Platform modules already initialized, skipping
Refreshing native plugins compatible for Editor in 0.23 ms, found 0 plugins.
Preloading 0 native plugins for Editor in 0.00 ms.
Unloading 1071 Unused Serialized files (Serialized files now loaded: 0)
System memory in use before: 60.5 MB.
System memory in use after: 60.6 MB.

Unloading 4 unused Assets to reduce memory usage. Loaded Objects now: 1575.
Total: 2.502600 ms (FindLiveObjects: 0.170700 ms CreateObjectMapping: 0.038000 ms MarkObjects: 2.271600 ms  DeleteObjects: 0.020900 ms)

========================================================================
Received Import Request.
  Time since last request: 136.419320 seconds.
  path: Assets/PlayerController.cs
  artifactKey: Guid(d9c053e24b803fc42a29b9b41f8ff9d6) Importer(815301076,1909f56bfc062723c751e8b465ee728b)
Start importing Assets/PlayerController.cs using Guid(d9c053e24b803fc42a29b9b41f8ff9d6) Importer(815301076,1909f56bfc062723c751e8b465ee728b)  -> (artifact id: '31bcf25088e841c3beb2f3bb353bd2ea') in 0.016455 seconds
  Import took 0.019159 seconds .

========================================================================
Received Import Request.
  Time since last request: 0.029953 seconds.
  path: Assets/PlayerController.cs
  artifactKey: Guid(d9c053e24b803fc42a29b9b41f8ff9d6) Importer(815301076,1909f56bfc062723c751e8b465ee728b)
Start importing Assets/PlayerController.cs using Guid(d9c053e24b803fc42a29b9b41f8ff9d6) Importer(815301076,1909f56bfc062723c751e8b465ee728b)  -> (artifact id: '31bcf25088e841c3beb2f3bb353bd2ea') in 0.038759 seconds
  Import took 0.099435 seconds .

========================================================================
Received Prepare
Registering precompiled user dll's ...
Registered in 0.001320 seconds.
Begin MonoManager ReloadAssembly
Native extension for WindowsStandalone target not found
Refreshing native plugins compatible for Editor in 0.41 ms, found 0 plugins.
Preloading 0 native plugins for Editor in 0.00 ms.
Invoked RoslynAnalysisRunner static constructor.
RoslynAnalysisRunner will not be running.
RoslynAnalysisRunner has terminated.
Mono: successfully reloaded assembly
- Completed reload, in  1.120 seconds
Platform modules already initialized, skipping
Refreshing native plugins compatible for Editor in 0.27 ms, found 0 plugins.
Preloading 0 native plugins for Editor in 0.00 ms.
Unloading 1071 Unused Serialized files (Serialized files now loaded: 0)
System memory in use before: 60.6 MB.
System memory in use after: 60.7 MB.

Unloading 4 unused Assets to reduce memory usage. Loaded Objects now: 1577.
Total: 1.752000 ms (FindLiveObjects: 0.142900 ms CreateObjectMapping: 0.040000 ms MarkObjects: 1.538700 ms  DeleteObjects: 0.029400 ms)

========================================================================
Received Prepare
Registering precompiled user dll's ...
Registered in 0.001573 seconds.
Begin MonoManager ReloadAssembly
Native extension for WindowsStandalone target not found
Refreshing native plugins compatible for Editor in 0.37 ms, found 0 plugins.
Preloading 0 native plugins for Editor in 0.00 ms.
Invoked RoslynAnalysisRunner static constructor.
RoslynAnalysisRunner will not be running.
RoslynAnalysisRunner has terminated.
Mono: successfully reloaded assembly
- Completed reload, in  1.254 seconds
Platform modules already initialized, skipping
Refreshing native plugins compatible for Editor in 0.23 ms, found 0 plugins.
Preloading 0 native plugins for Editor in 0.00 ms.
Unloading 1071 Unused Serialized files (Serialized files now loaded: 0)
System memory in use before: 60.9 MB.
System memory in use after: 61.0 MB.

Unloading 4 unused Assets to reduce memory usage. Loaded Objects now: 1579.
Total: 1.683600 ms (FindLiveObjects: 0.172500 ms CreateObjectMapping: 0.056200 ms MarkObjects: 1.435800 ms  DeleteObjects: 0.017800 ms)

========================================================================
Received Import Request.
  Time since last request: 189.175659 seconds.
  path: Assets/Resources/Bullet.prefab
  artifactKey: Guid(94b904e9952076a488cb76c9d6065c36) Importer(815301076,1909f56bfc062723c751e8b465ee728b)
Start importing Assets/Resources/Bullet.prefab using Guid(94b904e9952076a488cb76c9d6065c36) Importer(815301076,1909f56bfc062723c751e8b465ee728b)  -> (artifact id: '0ef659e18191f5187ca9b052752a1082') in 0.077533 seconds
  Import took 0.079900 seconds .

========================================================================
Received Import Request.
  Time since last request: 8.985344 seconds.
  path: Assets/Resources/Bullet.prefab
  artifactKey: Guid(94b904e9952076a488cb76c9d6065c36) Importer(815301076,1909f56bfc062723c751e8b465ee728b)
Start importing Assets/Resources/Bullet.prefab using Guid(94b904e9952076a488cb76c9d6065c36) Importer(815301076,1909f56bfc062723c751e8b465ee728b)  -> (artifact id: 'fecb0a2de2ab07215d28e34ff9b8df91') in 0.017334 seconds
  Import took 0.020371 seconds .

========================================================================
Received Prepare
Registering precompiled user dll's ...
Registered in 0.003463 seconds.
Begin MonoManager ReloadAssembly
Native extension for WindowsStandalone target not found
Refreshing native plugins compatible for Editor in 0.40 ms, found 0 plugins.
Preloading 0 native plugins for Editor in 0.00 ms.
Invoked RoslynAnalysisRunner static constructor.
RoslynAnalysisRunner will not be running.
RoslynAnalysisRunner has terminated.
Mono: successfully reloaded assembly
- Completed reload, in  1.401 seconds
Platform modules already initialized, skipping
Refreshing native plugins compatible for Editor in 0.21 ms, found 0 plugins.
Preloading 0 native plugins for Editor in 0.00 ms.
Unloading 1071 Unused Serialized files (Serialized files now loaded: 0)
System memory in use before: 61.1 MB.
System memory in use after: 61.2 MB.

Unloading 5 unused Assets to reduce memory usage. Loaded Objects now: 1582.
Total: 2.772600 ms (FindLiveObjects: 0.164600 ms CreateObjectMapping: 0.054100 ms MarkObjects: 2.516400 ms  DeleteObjects: 0.032400 ms)

========================================================================
Received Prepare
Registering precompiled user dll's ...
Registered in 0.001660 seconds.
Begin MonoManager ReloadAssembly
Native extension for WindowsStandalone target not found
Refreshing native plugins compatible for Editor in 0.24 ms, found 0 plugins.
Preloading 0 native plugins for Editor in 0.00 ms.
Invoked RoslynAnalysisRunner static constructor.
RoslynAnalysisRunner will not be running.
RoslynAnalysisRunner has terminated.
Mono: successfully reloaded assembly
- Completed reload, in  1.243 seconds
Platform modules already initialized, skipping
Refreshing native plugins compatible for Editor in 0.21 ms, found 0 plugins.
Preloading 0 native plugins for Editor in 0.00 ms.
Unloading 1071 Unused Serialized files (Serialized files now loaded: 0)
System memory in use before: 61.3 MB.
System memory in use after: 61.4 MB.

Unloading 4 unused Assets to reduce memory usage. Loaded Objects now: 1584.
Total: 1.951700 ms (FindLiveObjects: 0.158800 ms CreateObjectMapping: 0.033500 ms MarkObjects: 1.740200 ms  DeleteObjects: 0.017900 ms)

========================================================================
Received Prepare
Registering precompiled user dll's ...
Registered in 0.001159 seconds.
Begin MonoManager ReloadAssembly
Native extension for WindowsStandalone target not found
Refreshing native plugins compatible for Editor in 0.37 ms, found 0 plugins.
Preloading 0 native plugins for Editor in 0.00 ms.
Invoked RoslynAnalysisRunner static constructor.
RoslynAnalysisRunner will not be running.
RoslynAnalysisRunner has terminated.
Mono: successfully reloaded assembly
- Completed reload, in  1.797 seconds
Platform modules already initialized, skipping
Refreshing native plugins compatible for Editor in 0.40 ms, found 0 plugins.
Preloading 0 native plugins for Editor in 0.00 ms.
Unloading 1071 Unused Serialized files (Serialized files now loaded: 0)
System memory in use before: 61.5 MB.
System memory in use after: 61.6 MB.

Unloading 4 unused Assets to reduce memory usage. Loaded Objects now: 1586.
Total: 2.273200 ms (FindLiveObjects: 0.266400 ms CreateObjectMapping: 0.098500 ms MarkObjects: 1.887500 ms  DeleteObjects: 0.018900 ms)

========================================================================
Received Import Request.
  Time since last request: 224.069077 seconds.
  path: Assets/Resources/Bullet.prefab
  artifactKey: Guid(94b904e9952076a488cb76c9d6065c36) Importer(815301076,1909f56bfc062723c751e8b465ee728b)
Start importing Assets/Resources/Bullet.prefab using Guid(94b904e9952076a488cb76c9d6065c36) Importer(815301076,1909f56bfc062723c751e8b465ee728b)  -> (artifact id: 'd7ea801b903734ca52b9a05c1da36dcc') in 0.086063 seconds
  Import took 0.089137 seconds .

========================================================================
Received Prepare
Registering precompiled user dll's ...
Registered in 0.001196 seconds.
Begin MonoManager ReloadAssembly
Native extension for WindowsStandalone target not found
Refreshing native plugins compatible for Editor in 0.27 ms, found 0 plugins.
Preloading 0 native plugins for Editor in 0.00 ms.
Invoked RoslynAnalysisRunner static constructor.
RoslynAnalysisRunner will not be running.
RoslynAnalysisRunner has terminated.
Mono: successfully reloaded assembly
- Completed reload, in  1.952 seconds
Platform modules already initialized, skipping
Refreshing native plugins compatible for Editor in 0.22 ms, found 0 plugins.
Preloading 0 native plugins for Editor in 0.00 ms.
Unloading 1071 Unused Serialized files (Serialized files now loaded: 0)
System memory in use before: 61.6 MB.
System memory in use after: 61.7 MB.

Unloading 5 unused Assets to reduce memory usage. Loaded Objects now: 1589.
Total: 1.844200 ms (FindLiveObjects: 0.215300 ms CreateObjectMapping: 0.047900 ms MarkObjects: 1.557200 ms  DeleteObjects: 0.022500 ms)

========================================================================
Received Prepare
Registering precompiled user dll's ...
Registered in 0.002338 seconds.
Begin MonoManager ReloadAssembly
Native extension for WindowsStandalone target not found
Refreshing native plugins compatible for Editor in 0.22 ms, found 0 plugins.
Preloading 0 native plugins for Editor in 0.00 ms.
Invoked RoslynAnalysisRunner static constructor.
RoslynAnalysisRunner will not be running.
RoslynAnalysisRunner has terminated.
Mono: successfully reloaded assembly
- Completed reload, in  1.292 seconds
Platform modules already initialized, skipping
Refreshing native plugins compatible for Editor in 0.32 ms, found 0 plugins.
Preloading 0 native plugins for Editor in 0.00 ms.
Unloading 1071 Unused Serialized files (Serialized files now loaded: 0)
System memory in use before: 60.9 MB.
System memory in use after: 61.0 MB.

Unloading 4 unused Assets to reduce memory usage. Loaded Objects now: 1591.
Total: 2.108200 ms (FindLiveObjects: 0.175200 ms CreateObjectMapping: 0.044800 ms MarkObjects: 1.869700 ms  DeleteObjects: 0.016900 ms)

========================================================================
Received Prepare
Registering precompiled user dll's ...
Registered in 0.001808 seconds.
Begin MonoManager ReloadAssembly
Native extension for WindowsStandalone target not found
Refreshing native plugins compatible for Editor in 0.26 ms, found 0 plugins.
Preloading 0 native plugins for Editor in 0.00 ms.
Invoked RoslynAnalysisRunner static constructor.
RoslynAnalysisRunner will not be running.
RoslynAnalysisRunner has terminated.
Mono: successfully reloaded assembly
- Completed reload, in  1.929 seconds
Platform modules already initialized, skipping
Refreshing native plugins compatible for Editor in 0.41 ms, found 0 plugins.
Preloading 0 native plugins for Editor in 0.00 ms.
Unloading 1071 Unused Serialized files (Serialized files now loaded: 0)
System memory in use before: 61.1 MB.
System memory in use after: 61.2 MB.

Unloading 4 unused Assets to reduce memory usage. Loaded Objects now: 1593.
Total: 1.974900 ms (FindLiveObjects: 0.214900 ms CreateObjectMapping: 0.061700 ms MarkObjects: 1.668000 ms  DeleteObjects: 0.027900 ms)

========================================================================
Received Prepare
Registering precompiled user dll's ...
Registered in 0.001609 seconds.
Begin MonoManager ReloadAssembly
Native extension for WindowsStandalone target not found
Refreshing native plugins compatible for Editor in 0.25 ms, found 0 plugins.
Preloading 0 native plugins for Editor in 0.00 ms.
Invoked RoslynAnalysisRunner static constructor.
RoslynAnalysisRunner will not be running.
RoslynAnalysisRunner has terminated.
Mono: successfully reloaded assembly
- Completed reload, in  1.707 seconds
Platform modules already initialized, skipping
Refreshing native plugins compatible for Editor in 0.29 ms, found 0 plugins.
Preloading 0 native plugins for Editor in 0.00 ms.
Unloading 1071 Unused Serialized files (Serialized files now loaded: 0)
System memory in use before: 61.3 MB.
System memory in use after: 61.4 MB.

Unloading 4 unused Assets to reduce memory usage. Loaded Objects now: 1595.
Total: 1.750200 ms (FindLiveObjects: 0.142700 ms CreateObjectMapping: 0.039900 ms MarkObjects: 1.546800 ms  DeleteObjects: 0.019400 ms)

========================================================================
Received Prepare
Registering precompiled user dll's ...
Registered in 0.001052 seconds.
Begin MonoManager ReloadAssembly
Native extension for WindowsStandalone target not found
Refreshing native plugins compatible for Editor in 0.22 ms, found 0 plugins.
Preloading 0 native plugins for Editor in 0.00 ms.
Invoked RoslynAnalysisRunner static constructor.
RoslynAnalysisRunner will not be running.
RoslynAnalysisRunner has terminated.
Mono: successfully reloaded assembly
- Completed reload, in  1.208 seconds
Platform modules already initialized, skipping
Refreshing native plugins compatible for Editor in 0.25 ms, found 0 plugins.
Preloading 0 native plugins for Editor in 0.00 ms.
Unloading 1071 Unused Serialized files (Serialized files now loaded: 0)
System memory in use before: 61.5 MB.
System memory in use after: 61.6 MB.

Unloading 4 unused Assets to reduce memory usage. Loaded Objects now: 1597.
Total: 2.630900 ms (FindLiveObjects: 0.163500 ms CreateObjectMapping: 0.042600 ms MarkObjects: 2.396300 ms  DeleteObjects: 0.026500 ms)

========================================================================
Received Prepare
Registering precompiled user dll's ...
Registered in 0.003471 seconds.
Begin MonoManager ReloadAssembly
Native extension for WindowsStandalone target not found
Refreshing native plugins compatible for Editor in 0.40 ms, found 0 plugins.
Preloading 0 native plugins for Editor in 0.00 ms.
Invoked RoslynAnalysisRunner static constructor.
RoslynAnalysisRunner will not be running.
RoslynAnalysisRunner has terminated.
Mono: successfully reloaded assembly
- Completed reload, in  1.625 seconds
Platform modules already initialized, skipping
Refreshing native plugins compatible for Editor in 0.43 ms, found 0 plugins.
Preloading 0 native plugins for Editor in 0.00 ms.
Unloading 1071 Unused Serialized files (Serialized files now loaded: 0)
System memory in use before: 61.6 MB.
System memory in use after: 61.7 MB.

Unloading 4 unused Assets to reduce memory usage. Loaded Objects now: 1599.
Total: 2.674200 ms (FindLiveObjects: 0.234400 ms CreateObjectMapping: 0.066900 ms MarkObjects: 2.348100 ms  DeleteObjects: 0.022600 ms)

========================================================================
Received Prepare
Registering precompiled user dll's ...
Registered in 0.001527 seconds.
Begin MonoManager ReloadAssembly
Native extension for WindowsStandalone target not found
Refreshing native plugins compatible for Editor in 0.27 ms, found 0 plugins.
Preloading 0 native plugins for Editor in 0.00 ms.
Invoked RoslynAnalysisRunner static constructor.
RoslynAnalysisRunner will not be running.
RoslynAnalysisRunner has terminated.
Mono: successfully reloaded assembly
- Completed reload, in  1.355 seconds
Platform modules already initialized, skipping
Refreshing native plugins compatible for Editor in 0.33 ms, found 0 plugins.
Preloading 0 native plugins for Editor in 0.00 ms.
Unloading 1071 Unused Serialized files (Serialized files now loaded: 0)
System memory in use before: 60.9 MB.
System memory in use after: 61.0 MB.

Unloading 4 unused Assets to reduce memory usage. Loaded Objects now: 1601.
Total: 1.883100 ms (FindLiveObjects: 0.171500 ms CreateObjectMapping: 0.051000 ms MarkObjects: 1.628300 ms  DeleteObjects: 0.023200 ms)

========================================================================
Received Prepare
Registering precompiled user dll's ...
Registered in 0.001162 seconds.
Begin MonoManager ReloadAssembly
Native extension for WindowsStandalone target not found
Refreshing native plugins compatible for Editor in 0.23 ms, found 0 plugins.
Preloading 0 native plugins for Editor in 0.00 ms.
Invoked RoslynAnalysisRunner static constructor.
RoslynAnalysisRunner will not be running.
RoslynAnalysisRunner has terminated.
Mono: successfully reloaded assembly
- Completed reload, in  1.140 seconds
Platform modules already initialized, skipping
Refreshing native plugins compatible for Editor in 0.37 ms, found 0 plugins.
Preloading 0 native plugins for Editor in 0.00 ms.
Unloading 1071 Unused Serialized files (Serialized files now loaded: 0)
System memory in use before: 61.1 MB.
System memory in use after: 61.2 MB.

Unloading 4 unused Assets to reduce memory usage. Loaded Objects now: 1603.
Total: 2.137100 ms (FindLiveObjects: 0.141300 ms CreateObjectMapping: 0.037600 ms MarkObjects: 1.934600 ms  DeleteObjects: 0.021900 ms)

========================================================================
Received Prepare
Registering precompiled user dll's ...
Registered in 0.001456 seconds.
Begin MonoManager ReloadAssembly
Native extension for WindowsStandalone target not found
Refreshing native plugins compatible for Editor in 0.27 ms, found 0 plugins.
Preloading 0 native plugins for Editor in 0.00 ms.
Invoked RoslynAnalysisRunner static constructor.
RoslynAnalysisRunner will not be running.
RoslynAnalysisRunner has terminated.
Mono: successfully reloaded assembly
- Completed reload, in  1.136 seconds
Platform modules already initialized, skipping
Refreshing native plugins compatible for Editor in 0.29 ms, found 0 plugins.
Preloading 0 native plugins for Editor in 0.00 ms.
Unloading 1072 Unused Serialized files (Serialized files now loaded: 0)
System memory in use before: 61.3 MB.
System memory in use after: 61.4 MB.

Unloading 4 unused Assets to reduce memory usage. Loaded Objects now: 1606.
Total: 2.118200 ms (FindLiveObjects: 0.225700 ms CreateObjectMapping: 0.038500 ms MarkObjects: 1.833300 ms  DeleteObjects: 0.019400 ms)

========================================================================
Received Import Request.
  Time since last request: 1137.869838 seconds.
  path: Assets/Resources/New Material.mat
  artifactKey: Guid(51a7755b6abf80741aa85856971b750b) Importer(815301076,1909f56bfc062723c751e8b465ee728b)
Start importing Assets/Resources/New Material.mat using Guid(51a7755b6abf80741aa85856971b750b) Importer(815301076,1909f56bfc062723c751e8b465ee728b)  -> (artifact id: '832d1a74263584a6328719cbbf131c85') in 0.142498 seconds
  Import took 0.145655 seconds .

========================================================================
Received Import Request.
  Time since last request: 3.129643 seconds.
  path: Assets/PlayerController.cs
  artifactKey: Guid(d9c053e24b803fc42a29b9b41f8ff9d6) Importer(815301076,1909f56bfc062723c751e8b465ee728b)
Start importing Assets/PlayerController.cs using Guid(d9c053e24b803fc42a29b9b41f8ff9d6) Importer(815301076,1909f56bfc062723c751e8b465ee728b)  -> (artifact id: 'c5a3c75f6cecceccb4456f3a1d951495') in 0.005352 seconds
  Import took 0.008662 seconds .

========================================================================
Received Import Request.
  Time since last request: 0.001198 seconds.
  path: Assets/PlayerController.cs
  artifactKey: Guid(d9c053e24b803fc42a29b9b41f8ff9d6) Importer(815301076,1909f56bfc062723c751e8b465ee728b)
Start importing Assets/PlayerController.cs using Guid(d9c053e24b803fc42a29b9b41f8ff9d6) Importer(815301076,1909f56bfc062723c751e8b465ee728b)  -> (artifact id: 'c5a3c75f6cecceccb4456f3a1d951495') in 0.004644 seconds
  Import took 0.008410 seconds .

========================================================================
Received Import Request.
  Time since last request: 0.616552 seconds.
  path: Assets/BulletController.cs
  artifactKey: Guid(1d9326b02481c7b41bc0d92d1f10b793) Importer(815301076,1909f56bfc062723c751e8b465ee728b)
Start importing Assets/BulletController.cs using Guid(1d9326b02481c7b41bc0d92d1f10b793) Importer(815301076,1909f56bfc062723c751e8b465ee728b)  -> (artifact id: 'a4070e68eaa8ac91ecef227650f32522') in 0.004728 seconds
  Import took 0.008539 seconds .

========================================================================
Received Import Request.
  Time since last request: 0.593985 seconds.
  path: Assets/EnnemySpawn.cs
  artifactKey: Guid(d15a261a8d3356841b38767c6bac0037) Importer(815301076,1909f56bfc062723c751e8b465ee728b)
Start importing Assets/EnnemySpawn.cs using Guid(d15a261a8d3356841b38767c6bac0037) Importer(815301076,1909f56bfc062723c751e8b465ee728b)  -> (artifact id: '281ff51e6e6c75b6dd287927f6c4c24c') in 0.012455 seconds
  Import took 0.016353 seconds .

========================================================================
Received Prepare
Registering precompiled user dll's ...
Registered in 0.001185 seconds.
Begin MonoManager ReloadAssembly
Native extension for WindowsStandalone target not found
Refreshing native plugins compatible for Editor in 0.27 ms, found 0 plugins.
Preloading 0 native plugins for Editor in 0.00 ms.
Invoked RoslynAnalysisRunner static constructor.
RoslynAnalysisRunner will not be running.
RoslynAnalysisRunner has terminated.
Mono: successfully reloaded assembly
- Completed reload, in  1.154 seconds
Platform modules already initialized, skipping
Refreshing native plugins compatible for Editor in 0.24 ms, found 0 plugins.
Preloading 0 native plugins for Editor in 0.00 ms.
Unloading 1072 Unused Serialized files (Serialized files now loaded: 0)
System memory in use before: 61.5 MB.
System memory in use after: 61.6 MB.

Unloading 4 unused Assets to reduce memory usage. Loaded Objects now: 1609.
Total: 2.098800 ms (FindLiveObjects: 0.258000 ms CreateObjectMapping: 0.080500 ms MarkObjects: 1.738700 ms  DeleteObjects: 0.019800 ms)

========================================================================
Received Prepare
Registering precompiled user dll's ...
Registered in 0.001203 seconds.
Begin MonoManager ReloadAssembly
Native extension for WindowsStandalone target not found
Refreshing native plugins compatible for Editor in 0.26 ms, found 0 plugins.
Preloading 0 native plugins for Editor in 0.00 ms.
Invoked RoslynAnalysisRunner static constructor.
RoslynAnalysisRunner will not be running.
RoslynAnalysisRunner has terminated.
Mono: successfully reloaded assembly
- Completed reload, in  1.259 seconds
Platform modules already initialized, skipping
Refreshing native plugins compatible for Editor in 0.42 ms, found 0 plugins.
Preloading 0 native plugins for Editor in 0.00 ms.
Unloading 1072 Unused Serialized files (Serialized files now loaded: 0)
System memory in use before: 61.7 MB.
System memory in use after: 61.8 MB.

Unloading 4 unused Assets to reduce memory usage. Loaded Objects now: 1611.
Total: 2.025500 ms (FindLiveObjects: 0.165500 ms CreateObjectMapping: 0.043100 ms MarkObjects: 1.793500 ms  DeleteObjects: 0.021700 ms)

========================================================================
Received Import Request.
  Time since last request: 1120.299923 seconds.
  path: Assets/Resources/Ennemy.prefab
  artifactKey: Guid(b2ca358cbce4d944f93ecc6ba0d4894e) Importer(815301076,1909f56bfc062723c751e8b465ee728b)
Start importing Assets/Resources/Ennemy.prefab using Guid(b2ca358cbce4d944f93ecc6ba0d4894e) Importer(815301076,1909f56bfc062723c751e8b465ee728b)  -> (artifact id: 'dca7c5426011233bc2bcafcda0852b4c') in 0.086091 seconds
  Import took 0.089253 seconds .

========================================================================
Received Import Request.
  Time since last request: 0.863401 seconds.
  path: Assets/Resources/Ennemy.prefab
  artifactKey: Guid(b2ca358cbce4d944f93ecc6ba0d4894e) Importer(815301076,1909f56bfc062723c751e8b465ee728b)
Start importing Assets/Resources/Ennemy.prefab using Guid(b2ca358cbce4d944f93ecc6ba0d4894e) Importer(815301076,1909f56bfc062723c751e8b465ee728b)  -> (artifact id: '4c9712973a5f99c0c6a02a83d1b6374b') in 0.018714 seconds
  Import took 0.022600 seconds .

========================================================================
Received Import Request.
  Time since last request: 2.449539 seconds.
  path: Assets/Resources/Ennemy.prefab
  artifactKey: Guid(b2ca358cbce4d944f93ecc6ba0d4894e) Importer(815301076,1909f56bfc062723c751e8b465ee728b)
Start importing Assets/Resources/Ennemy.prefab using Guid(b2ca358cbce4d944f93ecc6ba0d4894e) Importer(815301076,1909f56bfc062723c751e8b465ee728b)  -> (artifact id: '5c3ac3e9dfb0dbc6a007ad276484791c') in 0.019829 seconds
  Import took 0.023451 seconds .

========================================================================
Received Import Request.
  Time since last request: 2.417561 seconds.
  path: Assets/Resources/Ennemy.prefab
  artifactKey: Guid(b2ca358cbce4d944f93ecc6ba0d4894e) Importer(815301076,1909f56bfc062723c751e8b465ee728b)
Start importing Assets/Resources/Ennemy.prefab using Guid(b2ca358cbce4d944f93ecc6ba0d4894e) Importer(815301076,1909f56bfc062723c751e8b465ee728b)  -> (artifact id: '94e66a4c282c3bf1a00c62d323bf801a') in 0.016041 seconds
  Import took 0.018977 seconds .

========================================================================
Received Import Request.
  Time since last request: 2.612382 seconds.
  path: Assets/Resources/Ennemy.prefab
  artifactKey: Guid(b2ca358cbce4d944f93ecc6ba0d4894e) Importer(815301076,1909f56bfc062723c751e8b465ee728b)
Start importing Assets/Resources/Ennemy.prefab using Guid(b2ca358cbce4d944f93ecc6ba0d4894e) Importer(815301076,1909f56bfc062723c751e8b465ee728b)  -> (artifact id: '7262f357678f9a5201998a61d3439a6e') in 0.043680 seconds
  Import took 0.047875 seconds .

========================================================================
Received Import Request.
  Time since last request: 3.251301 seconds.
  path: Assets/Resources/Ennemy.prefab
  artifactKey: Guid(b2ca358cbce4d944f93ecc6ba0d4894e) Importer(815301076,1909f56bfc062723c751e8b465ee728b)
Start importing Assets/Resources/Ennemy.prefab using Guid(b2ca358cbce4d944f93ecc6ba0d4894e) Importer(815301076,1909f56bfc062723c751e8b465ee728b)  -> (artifact id: 'bce0090ded96b59b5e1802a243ba8015') in 0.015983 seconds
  Import took 0.018989 seconds .

========================================================================
Received Import Request.
  Time since last request: 2.632055 seconds.
  path: Assets/Resources/Ennemy.prefab
  artifactKey: Guid(b2ca358cbce4d944f93ecc6ba0d4894e) Importer(815301076,1909f56bfc062723c751e8b465ee728b)
Start importing Assets/Resources/Ennemy.prefab using Guid(b2ca358cbce4d944f93ecc6ba0d4894e) Importer(815301076,1909f56bfc062723c751e8b465ee728b)  -> (artifact id: '0d4f803ee0cad7e75e43999dc799154c') in 0.018905 seconds
  Import took 0.021854 seconds .

========================================================================
Received Import Request.
  Time since last request: 6.495020 seconds.
  path: Assets/Resources/Ennemy.prefab
  artifactKey: Guid(b2ca358cbce4d944f93ecc6ba0d4894e) Importer(815301076,1909f56bfc062723c751e8b465ee728b)
Start importing Assets/Resources/Ennemy.prefab using Guid(b2ca358cbce4d944f93ecc6ba0d4894e) Importer(815301076,1909f56bfc062723c751e8b465ee728b)  -> (artifact id: 'a38cb4d2afdc15ed6f4f96091491dbe6') in 0.014724 seconds
  Import took 0.017864 seconds .

========================================================================
Received Import Request.
  Time since last request: 2.432802 seconds.
  path: Assets/Resources/Ennemy.prefab
  artifactKey: Guid(b2ca358cbce4d944f93ecc6ba0d4894e) Importer(815301076,1909f56bfc062723c751e8b465ee728b)
Start importing Assets/Resources/Ennemy.prefab using Guid(b2ca358cbce4d944f93ecc6ba0d4894e) Importer(815301076,1909f56bfc062723c751e8b465ee728b)  -> (artifact id: '5e4d31a32e64d930b8fad3cde3f786a1') in 0.016404 seconds
  Import took 0.019172 seconds .

========================================================================
Received Import Request.
  Time since last request: 3.224004 seconds.
  path: Assets/Resources/Ennemy.prefab
  artifactKey: Guid(b2ca358cbce4d944f93ecc6ba0d4894e) Importer(815301076,1909f56bfc062723c751e8b465ee728b)
Start importing Assets/Resources/Ennemy.prefab using Guid(b2ca358cbce4d944f93ecc6ba0d4894e) Importer(815301076,1909f56bfc062723c751e8b465ee728b)  -> (artifact id: 'e81eb99ae70272448b396c4995c6b628') in 0.016819 seconds
  Import took 0.020637 seconds .

========================================================================
Received Import Request.
  Time since last request: 2.296550 seconds.
  path: Assets/Resources/Ennemy.prefab
  artifactKey: Guid(b2ca358cbce4d944f93ecc6ba0d4894e) Importer(815301076,1909f56bfc062723c751e8b465ee728b)
Start importing Assets/Resources/Ennemy.prefab using Guid(b2ca358cbce4d944f93ecc6ba0d4894e) Importer(815301076,1909f56bfc062723c751e8b465ee728b)  -> (artifact id: 'a2295fdb3c8a850940b7a53aeb0add64') in 0.015986 seconds
  Import took 0.020216 seconds .

========================================================================
Received Import Request.
  Time since last request: 3.240128 seconds.
  path: Assets/Resources/Ennemy.prefab
  artifactKey: Guid(b2ca358cbce4d944f93ecc6ba0d4894e) Importer(815301076,1909f56bfc062723c751e8b465ee728b)
Start importing Assets/Resources/Ennemy.prefab using Guid(b2ca358cbce4d944f93ecc6ba0d4894e) Importer(815301076,1909f56bfc062723c751e8b465ee728b)  -> (artifact id: '7743a1b49fdb727ba8e109359a4bb959') in 0.017954 seconds
  Import took 0.021236 seconds .

========================================================================
Received Import Request.
  Time since last request: 2.435099 seconds.
  path: Assets/Resources/Ennemy.prefab
  artifactKey: Guid(b2ca358cbce4d944f93ecc6ba0d4894e) Importer(815301076,1909f56bfc062723c751e8b465ee728b)
Start importing Assets/Resources/Ennemy.prefab using Guid(b2ca358cbce4d944f93ecc6ba0d4894e) Importer(815301076,1909f56bfc062723c751e8b465ee728b)  -> (artifact id: '4c41c722cc2a54a05d41dbdf2890eeb6') in 0.017474 seconds
  Import took 0.022316 seconds .

========================================================================
Received Import Request.
  Time since last request: 1.832464 seconds.
  path: Assets/Resources/Ennemy.prefab
  artifactKey: Guid(b2ca358cbce4d944f93ecc6ba0d4894e) Importer(815301076,1909f56bfc062723c751e8b465ee728b)
Start importing Assets/Resources/Ennemy.prefab using Guid(b2ca358cbce4d944f93ecc6ba0d4894e) Importer(815301076,1909f56bfc062723c751e8b465ee728b)  -> (artifact id: '083c64eb97c3bb2f1be1ae3875943dae') in 0.016957 seconds
  Import took 0.019360 seconds .

========================================================================
Received Prepare
Registering precompiled user dll's ...
Registered in 0.001342 seconds.
Begin MonoManager ReloadAssembly
Native extension for WindowsStandalone target not found
Refreshing native plugins compatible for Editor in 0.31 ms, found 0 plugins.
Preloading 0 native plugins for Editor in 0.00 ms.
Invoked RoslynAnalysisRunner static constructor.
RoslynAnalysisRunner will not be running.
RoslynAnalysisRunner has terminated.
Mono: successfully reloaded assembly
- Completed reload, in  1.204 seconds
Platform modules already initialized, skipping
Refreshing native plugins compatible for Editor in 0.27 ms, found 0 plugins.
Preloading 0 native plugins for Editor in 0.00 ms.
Unloading 1072 Unused Serialized files (Serialized files now loaded: 0)
System memory in use before: 61.0 MB.
System memory in use after: 61.1 MB.

Unloading 5 unused Assets to reduce memory usage. Loaded Objects now: 1614.
Total: 1.884300 ms (FindLiveObjects: 0.222800 ms CreateObjectMapping: 0.054500 ms MarkObjects: 1.573800 ms  DeleteObjects: 0.032100 ms)

========================================================================
Received Import Request.
  Time since last request: 43.259027 seconds.
  path: Assets/Resources/Ennemy.prefab
  artifactKey: Guid(b2ca358cbce4d944f93ecc6ba0d4894e) Importer(815301076,1909f56bfc062723c751e8b465ee728b)
Start importing Assets/Resources/Ennemy.prefab using Guid(b2ca358cbce4d944f93ecc6ba0d4894e) Importer(815301076,1909f56bfc062723c751e8b465ee728b)  -> (artifact id: '674b5486380d48cc8c5f4750236349ec') in 0.084446 seconds
  Import took 0.087753 seconds .

========================================================================
Received Import Request.
  Time since last request: 2.453064 seconds.
  path: Assets/Resources/Ennemy.prefab
  artifactKey: Guid(b2ca358cbce4d944f93ecc6ba0d4894e) Importer(815301076,1909f56bfc062723c751e8b465ee728b)
Start importing Assets/Resources/Ennemy.prefab using Guid(b2ca358cbce4d944f93ecc6ba0d4894e) Importer(815301076,1909f56bfc062723c751e8b465ee728b)  -> (artifact id: '674b5486380d48cc8c5f4750236349ec') in 0.028320 seconds
  Import took 0.031455 seconds .

========================================================================
Received Prepare
Registering precompiled user dll's ...
Registered in 0.002046 seconds.
Begin MonoManager ReloadAssembly
Native extension for WindowsStandalone target not found
Refreshing native plugins compatible for Editor in 0.24 ms, found 0 plugins.
Preloading 0 native plugins for Editor in 0.00 ms.
Invoked RoslynAnalysisRunner static constructor.
RoslynAnalysisRunner will not be running.
RoslynAnalysisRunner has terminated.
Mono: successfully reloaded assembly
- Completed reload, in  1.411 seconds
Platform modules already initialized, skipping
Refreshing native plugins compatible for Editor in 0.24 ms, found 0 plugins.
Preloading 0 native plugins for Editor in 0.00 ms.
Unloading 1072 Unused Serialized files (Serialized files now loaded: 0)
System memory in use before: 61.2 MB.
System memory in use after: 61.3 MB.

Unloading 5 unused Assets to reduce memory usage. Loaded Objects now: 1617.
Total: 2.101200 ms (FindLiveObjects: 0.145500 ms CreateObjectMapping: 0.046200 ms MarkObjects: 1.884600 ms  DeleteObjects: 0.023600 ms)

========================================================================
Received Prepare
Registering precompiled user dll's ...
Registered in 0.002734 seconds.
Begin MonoManager ReloadAssembly
Native extension for WindowsStandalone target not found
Refreshing native plugins compatible for Editor in 0.24 ms, found 0 plugins.
Preloading 0 native plugins for Editor in 0.00 ms.
Invoked RoslynAnalysisRunner static constructor.
RoslynAnalysisRunner will not be running.
RoslynAnalysisRunner has terminated.
Mono: successfully reloaded assembly
- Completed reload, in  1.645 seconds
Platform modules already initialized, skipping
Refreshing native plugins compatible for Editor in 0.71 ms, found 0 plugins.
Preloading 0 native plugins for Editor in 0.00 ms.
Unloading 1072 Unused Serialized files (Serialized files now loaded: 0)
System memory in use before: 61.4 MB.
System memory in use after: 61.5 MB.

Unloading 4 unused Assets to reduce memory usage. Loaded Objects now: 1619.
Total: 2.362800 ms (FindLiveObjects: 0.168700 ms CreateObjectMapping: 0.048600 ms MarkObjects: 2.115200 ms  DeleteObjects: 0.028200 ms)

========================================================================
Received Prepare
Registering precompiled user dll's ...
Registered in 0.001184 seconds.
Begin MonoManager ReloadAssembly
Native extension for WindowsStandalone target not found
Refreshing native plugins compatible for Editor in 0.33 ms, found 0 plugins.
Preloading 0 native plugins for Editor in 0.00 ms.
Invoked RoslynAnalysisRunner static constructor.
RoslynAnalysisRunner will not be running.
RoslynAnalysisRunner has terminated.
Mono: successfully reloaded assembly
- Completed reload, in  1.364 seconds
Platform modules already initialized, skipping
Refreshing native plugins compatible for Editor in 0.28 ms, found 0 plugins.
Preloading 0 native plugins for Editor in 0.00 ms.
Unloading 1072 Unused Serialized files (Serialized files now loaded: 0)
System memory in use before: 61.6 MB.
System memory in use after: 61.7 MB.

Unloading 4 unused Assets to reduce memory usage. Loaded Objects now: 1621.
Total: 2.798300 ms (FindLiveObjects: 0.344900 ms CreateObjectMapping: 0.085600 ms MarkObjects: 2.333900 ms  DeleteObjects: 0.031900 ms)

========================================================================
Received Prepare
Registering precompiled user dll's ...
Registered in 0.001587 seconds.
Begin MonoManager ReloadAssembly
Native extension for WindowsStandalone target not found
Refreshing native plugins compatible for Editor in 0.41 ms, found 0 plugins.
Preloading 0 native plugins for Editor in 0.00 ms.
Invoked RoslynAnalysisRunner static constructor.
RoslynAnalysisRunner will not be running.
RoslynAnalysisRunner has terminated.
Mono: successfully reloaded assembly
- Completed reload, in  1.479 seconds
Platform modules already initialized, skipping
Refreshing native plugins compatible for Editor in 0.22 ms, found 0 plugins.
Preloading 0 native plugins for Editor in 0.00 ms.
Unloading 1072 Unused Serialized files (Serialized files now loaded: 0)
System memory in use before: 61.7 MB.
System memory in use after: 61.8 MB.

Unloading 4 unused Assets to reduce memory usage. Loaded Objects now: 1623.
Total: 1.959100 ms (FindLiveObjects: 0.166700 ms CreateObjectMapping: 0.036600 ms MarkObjects: 1.734200 ms  DeleteObjects: 0.019900 ms)

========================================================================
Received Prepare
Registering precompiled user dll's ...
Registered in 0.003275 seconds.
Begin MonoManager ReloadAssembly
Native extension for WindowsStandalone target not found
Refreshing native plugins compatible for Editor in 0.25 ms, found 0 plugins.
Preloading 0 native plugins for Editor in 0.00 ms.
Invoked RoslynAnalysisRunner static constructor.
RoslynAnalysisRunner will not be running.
RoslynAnalysisRunner has terminated.
Mono: successfully reloaded assembly
- Completed reload, in  1.379 seconds
Platform modules already initialized, skipping
Refreshing native plugins compatible for Editor in 0.23 ms, found 0 plugins.
Preloading 0 native plugins for Editor in 0.00 ms.
Unloading 1072 Unused Serialized files (Serialized files now loaded: 0)
System memory in use before: 61.0 MB.
System memory in use after: 61.1 MB.

Unloading 4 unused Assets to reduce memory usage. Loaded Objects now: 1625.
Total: 3.548700 ms (FindLiveObjects: 0.177600 ms CreateObjectMapping: 0.052100 ms MarkObjects: 3.263700 ms  DeleteObjects: 0.052800 ms)

========================================================================
Received Prepare
Registering precompiled user dll's ...
Registered in 0.001960 seconds.
Begin MonoManager ReloadAssembly
Native extension for WindowsStandalone target not found
Refreshing native plugins compatible for Editor in 0.25 ms, found 0 plugins.
Preloading 0 native plugins for Editor in 0.00 ms.
Invoked RoslynAnalysisRunner static constructor.
RoslynAnalysisRunner will not be running.
RoslynAnalysisRunner has terminated.
Mono: successfully reloaded assembly
- Completed reload, in  1.632 seconds
Platform modules already initialized, skipping
Refreshing native plugins compatible for Editor in 0.29 ms, found 0 plugins.
Preloading 0 native plugins for Editor in 0.00 ms.
Unloading 1072 Unused Serialized files (Serialized files now loaded: 0)
System memory in use before: 61.2 MB.
System memory in use after: 61.3 MB.

Unloading 4 unused Assets to reduce memory usage. Loaded Objects now: 1627.
Total: 2.276400 ms (FindLiveObjects: 0.192100 ms CreateObjectMapping: 0.046900 ms MarkObjects: 2.003300 ms  DeleteObjects: 0.032100 ms)

========================================================================
Received Prepare
Registering precompiled user dll's ...
Registered in 0.001152 seconds.
Begin MonoManager ReloadAssembly
Native extension for WindowsStandalone target not found
Refreshing native plugins compatible for Editor in 0.49 ms, found 0 plugins.
Preloading 0 native plugins for Editor in 0.00 ms.
Invoked RoslynAnalysisRunner static constructor.
RoslynAnalysisRunner will not be running.
RoslynAnalysisRunner has terminated.
Mono: successfully reloaded assembly
- Completed reload, in  1.223 seconds
Platform modules already initialized, skipping
Refreshing native plugins compatible for Editor in 0.29 ms, found 0 plugins.
Preloading 0 native plugins for Editor in 0.00 ms.
Unloading 1072 Unused Serialized files (Serialized files now loaded: 0)
System memory in use before: 61.4 MB.
System memory in use after: 61.5 MB.

Unloading 4 unused Assets to reduce memory usage. Loaded Objects now: 1629.
Total: 1.941600 ms (FindLiveObjects: 0.175000 ms CreateObjectMapping: 0.041300 ms MarkObjects: 1.706700 ms  DeleteObjects: 0.017000 ms)

========================================================================
Received Prepare
Registering precompiled user dll's ...
Registered in 0.001066 seconds.
Begin MonoManager ReloadAssembly
Native extension for WindowsStandalone target not found
Refreshing native plugins compatible for Editor in 0.31 ms, found 0 plugins.
Preloading 0 native plugins for Editor in 0.00 ms.
Invoked RoslynAnalysisRunner static constructor.
RoslynAnalysisRunner will not be running.
RoslynAnalysisRunner has terminated.
Mono: successfully reloaded assembly
- Completed reload, in  1.237 seconds
Platform modules already initialized, skipping
Refreshing native plugins compatible for Editor in 0.22 ms, found 0 plugins.
Preloading 0 native plugins for Editor in 0.00 ms.
Unloading 1072 Unused Serialized files (Serialized files now loaded: 0)
System memory in use before: 61.6 MB.
System memory in use after: 61.7 MB.

Unloading 4 unused Assets to reduce memory usage. Loaded Objects now: 1631.
Total: 1.794600 ms (FindLiveObjects: 0.159500 ms CreateObjectMapping: 0.038700 ms MarkObjects: 1.579200 ms  DeleteObjects: 0.016200 ms)

========================================================================
Received Prepare
Registering precompiled user dll's ...
Registered in 0.001197 seconds.
Begin MonoManager ReloadAssembly
Native extension for WindowsStandalone target not found
Refreshing native plugins compatible for Editor in 0.22 ms, found 0 plugins.
Preloading 0 native plugins for Editor in 0.00 ms.
Invoked RoslynAnalysisRunner static constructor.
RoslynAnalysisRunner will not be running.
RoslynAnalysisRunner has terminated.
Mono: successfully reloaded assembly
- Completed reload, in  1.313 seconds
Platform modules already initialized, skipping
Refreshing native plugins compatible for Editor in 0.42 ms, found 0 plugins.
Preloading 0 native plugins for Editor in 0.00 ms.
Unloading 1072 Unused Serialized files (Serialized files now loaded: 0)
System memory in use before: 61.8 MB.
System memory in use after: 61.9 MB.

Unloading 4 unused Assets to reduce memory usage. Loaded Objects now: 1633.
Total: 2.705500 ms (FindLiveObjects: 0.389700 ms CreateObjectMapping: 0.125700 ms MarkObjects: 2.163300 ms  DeleteObjects: 0.025400 ms)

========================================================================
Received Prepare
Registering precompiled user dll's ...
Registered in 0.001305 seconds.
Begin MonoManager ReloadAssembly
Native extension for WindowsStandalone target not found
Refreshing native plugins compatible for Editor in 0.21 ms, found 0 plugins.
Preloading 0 native plugins for Editor in 0.00 ms.
Invoked RoslynAnalysisRunner static constructor.
RoslynAnalysisRunner will not be running.
RoslynAnalysisRunner has terminated.
Mono: successfully reloaded assembly
- Completed reload, in  1.164 seconds
Platform modules already initialized, skipping
Refreshing native plugins compatible for Editor in 0.23 ms, found 0 plugins.
Preloading 0 native plugins for Editor in 0.00 ms.
Unloading 1072 Unused Serialized files (Serialized files now loaded: 0)
System memory in use before: 61.0 MB.
System memory in use after: 61.1 MB.

Unloading 4 unused Assets to reduce memory usage. Loaded Objects now: 1635.
Total: 1.776800 ms (FindLiveObjects: 0.162100 ms CreateObjectMapping: 0.042600 ms MarkObjects: 1.534700 ms  DeleteObjects: 0.036000 ms)

========================================================================
Received Prepare
Registering precompiled user dll's ...
Registered in 0.001765 seconds.
Begin MonoManager ReloadAssembly
Native extension for WindowsStandalone target not found
Refreshing native plugins compatible for Editor in 0.22 ms, found 0 plugins.
Preloading 0 native plugins for Editor in 0.00 ms.
Invoked RoslynAnalysisRunner static constructor.
RoslynAnalysisRunner will not be running.
RoslynAnalysisRunner has terminated.
Mono: successfully reloaded assembly
- Completed reload, in  1.333 seconds
Platform modules already initialized, skipping
Refreshing native plugins compatible for Editor in 0.22 ms, found 0 plugins.
Preloading 0 native plugins for Editor in 0.00 ms.
Unloading 1072 Unused Serialized files (Serialized files now loaded: 0)
System memory in use before: 61.2 MB.
System memory in use after: 61.3 MB.

Unloading 4 unused Assets to reduce memory usage. Loaded Objects now: 1637.
Total: 2.834900 ms (FindLiveObjects: 0.871800 ms CreateObjectMapping: 0.158600 ms MarkObjects: 1.779500 ms  DeleteObjects: 0.019900 ms)

========================================================================
Received Prepare
Registering precompiled user dll's ...
Registered in 0.002868 seconds.
Begin MonoManager ReloadAssembly
Native extension for WindowsStandalone target not found
Refreshing native plugins compatible for Editor in 0.22 ms, found 0 plugins.
Preloading 0 native plugins for Editor in 0.00 ms.
Invoked RoslynAnalysisRunner static constructor.
RoslynAnalysisRunner will not be running.
RoslynAnalysisRunner has terminated.
Mono: successfully reloaded assembly
- Completed reload, in  1.296 seconds
Platform modules already initialized, skipping
Refreshing native plugins compatible for Editor in 0.23 ms, found 0 plugins.
Preloading 0 native plugins for Editor in 0.00 ms.
Unloading 1072 Unused Serialized files (Serialized files now loaded: 0)
System memory in use before: 61.4 MB.
System memory in use after: 61.5 MB.

Unloading 4 unused Assets to reduce memory usage. Loaded Objects now: 1639.
Total: 1.719400 ms (FindLiveObjects: 0.169400 ms CreateObjectMapping: 0.053300 ms MarkObjects: 1.475400 ms  DeleteObjects: 0.019600 ms)

========================================================================
Received Prepare
Registering precompiled user dll's ...
Registered in 0.001155 seconds.
Begin MonoManager ReloadAssembly
Native extension for WindowsStandalone target not found
Refreshing native plugins compatible for Editor in 0.29 ms, found 0 plugins.
Preloading 0 native plugins for Editor in 0.00 ms.
Invoked RoslynAnalysisRunner static constructor.
RoslynAnalysisRunner will not be running.
RoslynAnalysisRunner has terminated.
Mono: successfully reloaded assembly
- Completed reload, in  1.782 seconds
Platform modules already initialized, skipping
Refreshing native plugins compatible for Editor in 0.46 ms, found 0 plugins.
Preloading 0 native plugins for Editor in 0.00 ms.
Unloading 1072 Unused Serialized files (Serialized files now loaded: 0)
System memory in use before: 61.6 MB.
System memory in use after: 61.7 MB.

Unloading 4 unused Assets to reduce memory usage. Loaded Objects now: 1641.
Total: 3.271100 ms (FindLiveObjects: 0.287600 ms CreateObjectMapping: 0.102300 ms MarkObjects: 2.861000 ms  DeleteObjects: 0.017200 ms)

========================================================================
Received Prepare
Registering precompiled user dll's ...
Registered in 0.002059 seconds.
Begin MonoManager ReloadAssembly
Native extension for WindowsStandalone target not found
Refreshing native plugins compatible for Editor in 1.00 ms, found 0 plugins.
Preloading 0 native plugins for Editor in 0.00 ms.
Invoked RoslynAnalysisRunner static constructor.
RoslynAnalysisRunner will not be running.
RoslynAnalysisRunner has terminated.
Mono: successfully reloaded assembly
- Completed reload, in  2.079 seconds
Platform modules already initialized, skipping
Refreshing native plugins compatible for Editor in 0.39 ms, found 0 plugins.
Preloading 0 native plugins for Editor in 0.00 ms.
Unloading 1072 Unused Serialized files (Serialized files now loaded: 0)
System memory in use before: 61.8 MB.
System memory in use after: 61.9 MB.

Unloading 4 unused Assets to reduce memory usage. Loaded Objects now: 1643.
Total: 4.536100 ms (FindLiveObjects: 0.340400 ms CreateObjectMapping: 0.069500 ms MarkObjects: 4.099200 ms  DeleteObjects: 0.024200 ms)

========================================================================
Received Prepare
Registering precompiled user dll's ...
Registered in 0.002464 seconds.
Begin MonoManager ReloadAssembly
Native extension for WindowsStandalone target not found
Refreshing native plugins compatible for Editor in 0.42 ms, found 0 plugins.
Preloading 0 native plugins for Editor in 0.00 ms.
Invoked RoslynAnalysisRunner static constructor.
RoslynAnalysisRunner will not be running.
RoslynAnalysisRunner has terminated.
Mono: successfully reloaded assembly
- Completed reload, in  2.067 seconds
Platform modules already initialized, skipping
Refreshing native plugins compatible for Editor in 0.26 ms, found 0 plugins.
Preloading 0 native plugins for Editor in 0.00 ms.
Unloading 1072 Unused Serialized files (Serialized files now loaded: 0)
System memory in use before: 61.8 MB.
System memory in use after: 61.9 MB.

Unloading 4 unused Assets to reduce memory usage. Loaded Objects now: 1645.
Total: 4.443400 ms (FindLiveObjects: 0.537600 ms CreateObjectMapping: 0.575000 ms MarkObjects: 3.308600 ms  DeleteObjects: 0.019800 ms)

========================================================================
Received Prepare
Registering precompiled user dll's ...
Registered in 0.002246 seconds.
Begin MonoManager ReloadAssembly
Native extension for WindowsStandalone target not found
Refreshing native plugins compatible for Editor in 0.28 ms, found 0 plugins.
Preloading 0 native plugins for Editor in 0.00 ms.
Invoked RoslynAnalysisRunner static constructor.
RoslynAnalysisRunner will not be running.
RoslynAnalysisRunner has terminated.
Mono: successfully reloaded assembly
- Completed reload, in  1.523 seconds
Platform modules already initialized, skipping
Refreshing native plugins compatible for Editor in 0.23 ms, found 0 plugins.
Preloading 0 native plugins for Editor in 0.00 ms.
Unloading 1072 Unused Serialized files (Serialized files now loaded: 0)
System memory in use before: 61.2 MB.
System memory in use after: 61.3 MB.

Unloading 4 unused Assets to reduce memory usage. Loaded Objects now: 1647.
Total: 2.165800 ms (FindLiveObjects: 0.250700 ms CreateObjectMapping: 0.052600 ms MarkObjects: 1.839800 ms  DeleteObjects: 0.021200 ms)

========================================================================
Received Prepare
Registering precompiled user dll's ...
Registered in 0.002148 seconds.
Begin MonoManager ReloadAssembly
Native extension for WindowsStandalone target not found
Refreshing native plugins compatible for Editor in 0.32 ms, found 0 plugins.
Preloading 0 native plugins for Editor in 0.00 ms.
Invoked RoslynAnalysisRunner static constructor.
RoslynAnalysisRunner will not be running.
RoslynAnalysisRunner has terminated.
Mono: successfully reloaded assembly
- Completed reload, in  1.835 seconds
Platform modules already initialized, skipping
Refreshing native plugins compatible for Editor in 0.80 ms, found 0 plugins.
Preloading 0 native plugins for Editor in 0.00 ms.
Unloading 1072 Unused Serialized files (Serialized files now loaded: 0)
System memory in use before: 61.4 MB.
System memory in use after: 61.5 MB.

Unloading 4 unused Assets to reduce memory usage. Loaded Objects now: 1649.
Total: 3.739600 ms (FindLiveObjects: 0.397400 ms CreateObjectMapping: 0.136300 ms MarkObjects: 3.183700 ms  DeleteObjects: 0.019000 ms)

========================================================================
Received Prepare
Registering precompiled user dll's ...
Registered in 0.001198 seconds.
Begin MonoManager ReloadAssembly
Native extension for WindowsStandalone target not found
Refreshing native plugins compatible for Editor in 0.21 ms, found 0 plugins.
Preloading 0 native plugins for Editor in 0.00 ms.
Invoked RoslynAnalysisRunner static constructor.
RoslynAnalysisRunner will not be running.
RoslynAnalysisRunner has terminated.
Mono: successfully reloaded assembly
- Completed reload, in  1.810 seconds
Platform modules already initialized, skipping
Refreshing native plugins compatible for Editor in 0.39 ms, found 0 plugins.
Preloading 0 native plugins for Editor in 0.00 ms.
Unloading 1072 Unused Serialized files (Serialized files now loaded: 0)
System memory in use before: 61.6 MB.
System memory in use after: 61.7 MB.

Unloading 4 unused Assets to reduce memory usage. Loaded Objects now: 1651.
Total: 3.061600 ms (FindLiveObjects: 0.230200 ms CreateObjectMapping: 0.106200 ms MarkObjects: 2.687800 ms  DeleteObjects: 0.031300 ms)

========================================================================
Received Prepare
Registering precompiled user dll's ...
Registered in 0.001869 seconds.
Begin MonoManager ReloadAssembly
Native extension for WindowsStandalone target not found
Refreshing native plugins compatible for Editor in 0.28 ms, found 0 plugins.
Preloading 0 native plugins for Editor in 0.00 ms.
Invoked RoslynAnalysisRunner static constructor.
RoslynAnalysisRunner will not be running.
RoslynAnalysisRunner has terminated.
Mono: successfully reloaded assembly
- Completed reload, in  2.053 seconds
Platform modules already initialized, skipping
Refreshing native plugins compatible for Editor in 0.44 ms, found 0 plugins.
Preloading 0 native plugins for Editor in 0.00 ms.
Unloading 1072 Unused Serialized files (Serialized files now loaded: 0)
System memory in use before: 61.8 MB.
System memory in use after: 61.9 MB.

Unloading 4 unused Assets to reduce memory usage. Loaded Objects now: 1653.
Total: 2.360000 ms (FindLiveObjects: 0.283300 ms CreateObjectMapping: 0.100700 ms MarkObjects: 1.946800 ms  DeleteObjects: 0.027100 ms)

========================================================================
Received Prepare
Registering precompiled user dll's ...
Registered in 0.003111 seconds.
Begin MonoManager ReloadAssembly
Native extension for WindowsStandalone target not found
Refreshing native plugins compatible for Editor in 0.45 ms, found 0 plugins.
Preloading 0 native plugins for Editor in 0.00 ms.
Invoked RoslynAnalysisRunner static constructor.
RoslynAnalysisRunner will not be running.
RoslynAnalysisRunner has terminated.
Mono: successfully reloaded assembly
- Completed reload, in  1.388 seconds
Platform modules already initialized, skipping
Refreshing native plugins compatible for Editor in 0.25 ms, found 0 plugins.
Preloading 0 native plugins for Editor in 0.00 ms.
Unloading 1072 Unused Serialized files (Serialized files now loaded: 0)
System memory in use before: 61.8 MB.
System memory in use after: 61.9 MB.

Unloading 4 unused Assets to reduce memory usage. Loaded Objects now: 1655.
Total: 1.975700 ms (FindLiveObjects: 0.165400 ms CreateObjectMapping: 0.048100 ms MarkObjects: 1.742400 ms  DeleteObjects: 0.018200 ms)

AssetImportWorkerClient::OnTransportError - code=2 error=End of file
